{"/Users/geony/works/uber-day15/src/jwt/jwt.service.ts": {"path":"/Users/geony/works/uber-day15/src/jwt/jwt.service.ts","statementMap":{"0":{"start":{"line":1,"column":0},"end":{"line":1,"column":52}},"1":{"start":{"line":2,"column":0},"end":{"line":2,"column":36}},"2":{"start":{"line":4,"column":0},"end":{"line":4,"column":49}},"3":{"start":{"line":7,"column":0},"end":{"line":19,"column":null}},"4":{"start":{"line":9,"column":45},"end":{"line":9,"column":70}},"5":{"start":{"line":13,"column":4},"end":{"line":13,"column":61}},"6":{"start":{"line":17,"column":4},"end":{"line":17,"column":54}},"7":{"start":{"line":7,"column":13},"end":{"line":19,"column":null}},"8":{"start":{"line":7,"column":13},"end":{"line":7,"column":23}}},"fnMap":{"0":{"name":"(anonymous_4)","decl":{"start":{"line":8,"column":2},"end":{"line":8,"column":null}},"loc":{"start":{"line":9,"column":70},"end":{"line":10,"column":6}}},"1":{"name":"(anonymous_5)","decl":{"start":{"line":12,"column":2},"end":{"line":12,"column":6}},"loc":{"start":{"line":12,"column":21},"end":{"line":14,"column":3}}},"2":{"name":"(anonymous_6)","decl":{"start":{"line":16,"column":2},"end":{"line":16,"column":8}},"loc":{"start":{"line":16,"column":22},"end":{"line":18,"column":3}}}},"branchMap":{},"s":{"0":1,"1":1,"2":1,"3":1,"4":0,"5":0,"6":0,"7":1,"8":1},"f":{"0":0,"1":0,"2":0},"b":{}}
,"/Users/geony/works/uber-day15/src/podcast/podcasts.service.ts": {"path":"/Users/geony/works/uber-day15/src/podcast/podcasts.service.ts","statementMap":{"0":{"start":{"line":1,"column":0},"end":{"line":1,"column":44}},"1":{"start":{"line":12,"column":0},"end":{"line":12,"column":52}},"2":{"start":{"line":13,"column":0},"end":{"line":13,"column":52}},"3":{"start":{"line":22,"column":0},"end":{"line":22,"column":51}},"4":{"start":{"line":23,"column":0},"end":{"line":23,"column":37}},"5":{"start":{"line":26,"column":0},"end":{"line":234,"column":null}},"6":{"start":{"line":29,"column":21},"end":{"line":29,"column":40}},"7":{"start":{"line":31,"column":21},"end":{"line":31,"column":40}},"8":{"start":{"line":34,"column":19},"end":{"line":37,"column":4}},"9":{"start":{"line":40,"column":4},"end":{"line":48,"column":null}},"10":{"start":{"line":41,"column":23},"end":{"line":41,"column":58}},"11":{"start":{"line":42,"column":6},"end":{"line":45,"column":8}},"12":{"start":{"line":47,"column":6},"end":{"line":47,"column":44}},"13":{"start":{"line":55,"column":4},"end":{"line":64,"column":null}},"14":{"start":{"line":56,"column":25},"end":{"line":56,"column":75}},"15":{"start":{"line":57,"column":21},"end":{"line":57,"column":66}},"16":{"start":{"line":58,"column":6},"end":{"line":61,"column":8}},"17":{"start":{"line":63,"column":6},"end":{"line":63,"column":44}},"18":{"start":{"line":68,"column":4},"end":{"line":85,"column":null}},"19":{"start":{"line":69,"column":22},"end":{"line":71,"column":null}},"20":{"start":{"line":73,"column":6},"end":{"line":78,"column":null}},"21":{"start":{"line":74,"column":8},"end":{"line":77,"column":10}},"22":{"start":{"line":79,"column":6},"end":{"line":82,"column":8}},"23":{"start":{"line":84,"column":6},"end":{"line":84,"column":44}},"24":{"start":{"line":89,"column":4},"end":{"line":98,"column":null}},"25":{"start":{"line":90,"column":28},"end":{"line":90,"column":53}},"26":{"start":{"line":91,"column":6},"end":{"line":93,"column":null}},"27":{"start":{"line":92,"column":8},"end":{"line":92,"column":29}},"28":{"start":{"line":94,"column":6},"end":{"line":94,"column":50}},"29":{"start":{"line":95,"column":6},"end":{"line":95,"column":20}},"30":{"start":{"line":97,"column":6},"end":{"line":97,"column":44}},"31":{"start":{"line":105,"column":4},"end":{"line":123,"column":null}},"32":{"start":{"line":106,"column":37},"end":{"line":106,"column":62}},"33":{"start":{"line":107,"column":6},"end":{"line":109,"column":null}},"34":{"start":{"line":108,"column":8},"end":{"line":108,"column":29}},"35":{"start":{"line":110,"column":6},"end":{"line":117,"column":null}},"36":{"start":{"line":111,"column":8},"end":{"line":116,"column":null}},"37":{"start":{"line":112,"column":10},"end":{"line":115,"column":12}},"38":{"start":{"line":118,"column":26},"end":{"line":118,"column":64}},"39":{"start":{"line":119,"column":6},"end":{"line":119,"column":56}},"40":{"start":{"line":120,"column":6},"end":{"line":120,"column":20}},"41":{"start":{"line":122,"column":6},"end":{"line":122,"column":44}},"42":{"start":{"line":127,"column":4},"end":{"line":141,"column":null}},"43":{"start":{"line":128,"column":37},"end":{"line":128,"column":69}},"44":{"start":{"line":129,"column":6},"end":{"line":131,"column":null}},"45":{"start":{"line":130,"column":8},"end":{"line":130,"column":29}},"46":{"start":{"line":132,"column":6},"end":{"line":134,"column":null}},"47":{"start":{"line":133,"column":8},"end":{"line":133,"column":26}},"48":{"start":{"line":135,"column":6},"end":{"line":138,"column":8}},"49":{"start":{"line":140,"column":6},"end":{"line":140,"column":44}},"50":{"start":{"line":148,"column":4},"end":{"line":169,"column":null}},"51":{"start":{"line":149,"column":38},"end":{"line":149,"column":71}},"52":{"start":{"line":150,"column":6},"end":{"line":152,"column":null}},"53":{"start":{"line":151,"column":8},"end":{"line":151,"column":29}},"54":{"start":{"line":153,"column":6},"end":{"line":155,"column":null}},"55":{"start":{"line":154,"column":8},"end":{"line":154,"column":26}},"56":{"start":{"line":156,"column":22},"end":{"line":156,"column":72}},"57":{"start":{"line":156,"column":47},"end":{"line":156,"column":71}},"58":{"start":{"line":157,"column":6},"end":{"line":162,"column":null}},"59":{"start":{"line":158,"column":8},"end":{"line":161,"column":10}},"60":{"start":{"line":163,"column":6},"end":{"line":166,"column":8}},"61":{"start":{"line":168,"column":6},"end":{"line":168,"column":44}},"62":{"start":{"line":177,"column":4},"end":{"line":191,"column":null}},"63":{"start":{"line":178,"column":37},"end":{"line":178,"column":69}},"64":{"start":{"line":179,"column":6},"end":{"line":181,"column":null}},"65":{"start":{"line":180,"column":8},"end":{"line":180,"column":29}},"66":{"start":{"line":182,"column":25},"end":{"line":182,"column":75}},"67":{"start":{"line":183,"column":6},"end":{"line":183,"column":35}},"68":{"start":{"line":184,"column":21},"end":{"line":184,"column":66}},"69":{"start":{"line":185,"column":6},"end":{"line":188,"column":8}},"70":{"start":{"line":190,"column":6},"end":{"line":190,"column":44}},"71":{"start":{"line":198,"column":4},"end":{"line":210,"column":null}},"72":{"start":{"line":199,"column":37},"end":{"line":202,"column":8}},"73":{"start":{"line":203,"column":6},"end":{"line":205,"column":null}},"74":{"start":{"line":204,"column":8},"end":{"line":204,"column":29}},"75":{"start":{"line":206,"column":6},"end":{"line":206,"column":62}},"76":{"start":{"line":207,"column":6},"end":{"line":207,"column":26}},"77":{"start":{"line":209,"column":6},"end":{"line":209,"column":44}},"78":{"start":{"line":215,"column":13},"end":{"line":215,"column":null}},"79":{"start":{"line":216,"column":11},"end":{"line":217,"column":23}},"80":{"start":{"line":218,"column":4},"end":{"line":232,"column":null}},"81":{"start":{"line":219,"column":37},"end":{"line":222,"column":8}},"82":{"start":{"line":223,"column":6},"end":{"line":225,"column":null}},"83":{"start":{"line":224,"column":8},"end":{"line":224,"column":29}},"84":{"start":{"line":226,"column":26},"end":{"line":226,"column":52}},"85":{"start":{"line":227,"column":6},"end":{"line":227,"column":56}},"86":{"start":{"line":228,"column":6},"end":{"line":228,"column":26}},"87":{"start":{"line":230,"column":6},"end":{"line":230,"column":21}},"88":{"start":{"line":231,"column":6},"end":{"line":231,"column":44}},"89":{"start":{"line":26,"column":13},"end":{"line":234,"column":null}},"90":{"start":{"line":26,"column":13},"end":{"line":26,"column":28}}},"fnMap":{"0":{"name":"(anonymous_5)","decl":{"start":{"line":27,"column":2},"end":{"line":27,"column":null}},"loc":{"start":{"line":31,"column":59},"end":{"line":32,"column":6}}},"1":{"name":"(anonymous_6)","decl":{"start":{"line":39,"column":2},"end":{"line":39,"column":7}},"loc":{"start":{"line":39,"column":22},"end":{"line":49,"column":3}}},"2":{"name":"(anonymous_7)","decl":{"start":{"line":51,"column":2},"end":{"line":51,"column":7}},"loc":{"start":{"line":54,"column":23},"end":{"line":65,"column":3}}},"3":{"name":"(anonymous_8)","decl":{"start":{"line":67,"column":2},"end":{"line":67,"column":7}},"loc":{"start":{"line":67,"column":29},"end":{"line":86,"column":3}}},"4":{"name":"(anonymous_9)","decl":{"start":{"line":88,"column":2},"end":{"line":88,"column":7}},"loc":{"start":{"line":88,"column":32},"end":{"line":99,"column":3}}},"5":{"name":"(anonymous_10)","decl":{"start":{"line":101,"column":2},"end":{"line":101,"column":7}},"loc":{"start":{"line":104,"column":23},"end":{"line":124,"column":3}}},"6":{"name":"(anonymous_11)","decl":{"start":{"line":126,"column":2},"end":{"line":126,"column":7}},"loc":{"start":{"line":126,"column":37},"end":{"line":142,"column":3}}},"7":{"name":"(anonymous_12)","decl":{"start":{"line":144,"column":2},"end":{"line":144,"column":7}},"loc":{"start":{"line":147,"column":24},"end":{"line":170,"column":3}}},"8":{"name":"(anonymous_13)","decl":{"start":{"line":156,"column":36},"end":{"line":156,"column":43}},"loc":{"start":{"line":156,"column":47},"end":{"line":156,"column":71}}},"9":{"name":"(anonymous_14)","decl":{"start":{"line":172,"column":2},"end":{"line":172,"column":7}},"loc":{"start":{"line":176,"column":23},"end":{"line":192,"column":3}}},"10":{"name":"(anonymous_15)","decl":{"start":{"line":194,"column":2},"end":{"line":194,"column":7}},"loc":{"start":{"line":197,"column":24},"end":{"line":211,"column":3}}},"11":{"name":"(anonymous_16)","decl":{"start":{"line":213,"column":2},"end":{"line":213,"column":7}},"loc":{"start":{"line":217,"column":23},"end":{"line":233,"column":3}}}},"branchMap":{"0":{"loc":{"start":{"line":73,"column":6},"end":{"line":78,"column":null}},"type":"if","locations":[{"start":{"line":73,"column":6},"end":{"line":78,"column":null}}]},"1":{"loc":{"start":{"line":91,"column":6},"end":{"line":93,"column":null}},"type":"if","locations":[{"start":{"line":91,"column":6},"end":{"line":93,"column":null}}]},"2":{"loc":{"start":{"line":107,"column":6},"end":{"line":109,"column":null}},"type":"if","locations":[{"start":{"line":107,"column":6},"end":{"line":109,"column":null}}]},"3":{"loc":{"start":{"line":110,"column":6},"end":{"line":117,"column":null}},"type":"if","locations":[{"start":{"line":110,"column":6},"end":{"line":117,"column":null}}]},"4":{"loc":{"start":{"line":111,"column":8},"end":{"line":116,"column":null}},"type":"if","locations":[{"start":{"line":111,"column":8},"end":{"line":116,"column":null}}]},"5":{"loc":{"start":{"line":111,"column":12},"end":{"line":111,"column":52}},"type":"binary-expr","locations":[{"start":{"line":111,"column":12},"end":{"line":111,"column":30}},{"start":{"line":111,"column":34},"end":{"line":111,"column":52}}]},"6":{"loc":{"start":{"line":129,"column":6},"end":{"line":131,"column":null}},"type":"if","locations":[{"start":{"line":129,"column":6},"end":{"line":131,"column":null}}]},"7":{"loc":{"start":{"line":132,"column":6},"end":{"line":134,"column":null}},"type":"if","locations":[{"start":{"line":132,"column":6},"end":{"line":134,"column":null}}]},"8":{"loc":{"start":{"line":150,"column":6},"end":{"line":152,"column":null}},"type":"if","locations":[{"start":{"line":150,"column":6},"end":{"line":152,"column":null}}]},"9":{"loc":{"start":{"line":153,"column":6},"end":{"line":155,"column":null}},"type":"if","locations":[{"start":{"line":153,"column":6},"end":{"line":155,"column":null}}]},"10":{"loc":{"start":{"line":153,"column":10},"end":{"line":153,"column":57}},"type":"binary-expr","locations":[{"start":{"line":153,"column":10},"end":{"line":153,"column":32}},{"start":{"line":153,"column":36},"end":{"line":153,"column":57}}]},"11":{"loc":{"start":{"line":157,"column":6},"end":{"line":162,"column":null}},"type":"if","locations":[{"start":{"line":157,"column":6},"end":{"line":162,"column":null}}]},"12":{"loc":{"start":{"line":179,"column":6},"end":{"line":181,"column":null}},"type":"if","locations":[{"start":{"line":179,"column":6},"end":{"line":181,"column":null}}]},"13":{"loc":{"start":{"line":203,"column":6},"end":{"line":205,"column":null}},"type":"if","locations":[{"start":{"line":203,"column":6},"end":{"line":205,"column":null}}]},"14":{"loc":{"start":{"line":223,"column":6},"end":{"line":225,"column":null}},"type":"if","locations":[{"start":{"line":223,"column":6},"end":{"line":225,"column":null}}]}},"s":{"0":1,"1":1,"2":1,"3":1,"4":1,"5":1,"6":34,"7":34,"8":34,"9":3,"10":3,"11":2,"12":1,"13":2,"14":2,"15":2,"16":1,"17":1,"18":28,"19":28,"20":27,"21":8,"22":19,"23":1,"24":3,"25":3,"26":3,"27":1,"28":2,"29":1,"30":1,"31":4,"32":4,"33":4,"34":1,"35":3,"36":3,"37":1,"38":2,"39":2,"40":1,"41":1,"42":15,"43":15,"44":15,"45":4,"46":11,"47":1,"48":10,"49":1,"50":12,"51":12,"52":12,"53":3,"54":9,"55":1,"56":8,"57":8,"58":8,"59":3,"60":5,"61":1,"62":3,"63":3,"64":3,"65":1,"66":2,"67":2,"68":2,"69":1,"70":1,"71":4,"72":4,"73":4,"74":2,"75":2,"76":1,"77":1,"78":4,"79":4,"80":4,"81":4,"82":4,"83":2,"84":2,"85":2,"86":1,"87":1,"88":1,"89":1,"90":1},"f":{"0":34,"1":3,"2":2,"3":28,"4":3,"5":4,"6":15,"7":12,"8":8,"9":3,"10":4,"11":4},"b":{"0":[8],"1":[1],"2":[1],"3":[3],"4":[1],"5":[3,2],"6":[4],"7":[1],"8":[3],"9":[1],"10":[9,9],"11":[3],"12":[1],"13":[2],"14":[2]}}
,"/Users/geony/works/uber-day15/src/users/users.service.ts": {"path":"/Users/geony/works/uber-day15/src/users/users.service.ts","statementMap":{"0":{"start":{"line":1,"column":0},"end":{"line":1,"column":44}},"1":{"start":{"line":2,"column":0},"end":{"line":2,"column":46}},"2":{"start":{"line":8,"column":0},"end":{"line":8,"column":51}},"3":{"start":{"line":9,"column":0},"end":{"line":9,"column":37}},"4":{"start":{"line":10,"column":0},"end":{"line":10,"column":48}},"5":{"start":{"line":15,"column":0},"end":{"line":125,"column":null}},"6":{"start":{"line":18,"column":21},"end":{"line":18,"column":28}},"7":{"start":{"line":19,"column":21},"end":{"line":19,"column":33}},"8":{"start":{"line":27,"column":4},"end":{"line":48,"column":null}},"9":{"start":{"line":28,"column":21},"end":{"line":28,"column":56}},"10":{"start":{"line":29,"column":6},"end":{"line":31,"column":null}},"11":{"start":{"line":30,"column":8},"end":{"line":30,"column":79}},"12":{"start":{"line":32,"column":19},"end":{"line":36,"column":8}},"13":{"start":{"line":37,"column":6},"end":{"line":37,"column":34}},"14":{"start":{"line":39,"column":6},"end":{"line":42,"column":8}},"15":{"start":{"line":44,"column":6},"end":{"line":47,"column":8}},"16":{"start":{"line":51,"column":4},"end":{"line":78,"column":null}},"17":{"start":{"line":52,"column":19},"end":{"line":54,"column":null}},"18":{"start":{"line":56,"column":6},"end":{"line":58,"column":null}},"19":{"start":{"line":57,"column":8},"end":{"line":57,"column":54}},"20":{"start":{"line":59,"column":30},"end":{"line":59,"column":64}},"21":{"start":{"line":60,"column":6},"end":{"line":65,"column":null}},"22":{"start":{"line":61,"column":8},"end":{"line":64,"column":10}},"23":{"start":{"line":67,"column":20},"end":{"line":67,"column":49}},"24":{"start":{"line":69,"column":6},"end":{"line":72,"column":8}},"25":{"start":{"line":74,"column":6},"end":{"line":77,"column":8}},"26":{"start":{"line":82,"column":4},"end":{"line":93,"column":null}},"27":{"start":{"line":83,"column":19},"end":{"line":83,"column":57}},"28":{"start":{"line":84,"column":6},"end":{"line":87,"column":8}},"29":{"start":{"line":89,"column":6},"end":{"line":92,"column":8}},"30":{"start":{"line":100,"column":4},"end":{"line":123,"column":null}},"31":{"start":{"line":101,"column":19},"end":{"line":101,"column":51}},"32":{"start":{"line":102,"column":6},"end":{"line":107,"column":null}},"33":{"start":{"line":103,"column":8},"end":{"line":106,"column":10}},"34":{"start":{"line":108,"column":6},"end":{"line":110,"column":null}},"35":{"start":{"line":109,"column":8},"end":{"line":109,"column":27}},"36":{"start":{"line":111,"column":6},"end":{"line":113,"column":null}},"37":{"start":{"line":112,"column":8},"end":{"line":112,"column":33}},"38":{"start":{"line":114,"column":6},"end":{"line":114,"column":34}},"39":{"start":{"line":115,"column":6},"end":{"line":117,"column":8}},"40":{"start":{"line":119,"column":6},"end":{"line":122,"column":8}},"41":{"start":{"line":15,"column":13},"end":{"line":125,"column":null}},"42":{"start":{"line":15,"column":13},"end":{"line":15,"column":25}}},"fnMap":{"0":{"name":"(anonymous_4)","decl":{"start":{"line":16,"column":2},"end":{"line":16,"column":null}},"loc":{"start":{"line":19,"column":43},"end":{"line":20,"column":6}}},"1":{"name":"(anonymous_5)","decl":{"start":{"line":22,"column":2},"end":{"line":22,"column":7}},"loc":{"start":{"line":26,"column":23},"end":{"line":49,"column":3}}},"2":{"name":"(anonymous_6)","decl":{"start":{"line":50,"column":2},"end":{"line":50,"column":7}},"loc":{"start":{"line":50,"column":45},"end":{"line":79,"column":3}}},"3":{"name":"(anonymous_7)","decl":{"start":{"line":81,"column":2},"end":{"line":81,"column":7}},"loc":{"start":{"line":81,"column":27},"end":{"line":94,"column":3}}},"4":{"name":"(anonymous_8)","decl":{"start":{"line":96,"column":2},"end":{"line":96,"column":7}},"loc":{"start":{"line":98,"column":41},"end":{"line":124,"column":3}}}},"branchMap":{"0":{"loc":{"start":{"line":29,"column":6},"end":{"line":31,"column":null}},"type":"if","locations":[{"start":{"line":29,"column":6},"end":{"line":31,"column":null}}]},"1":{"loc":{"start":{"line":56,"column":6},"end":{"line":58,"column":null}},"type":"if","locations":[{"start":{"line":56,"column":6},"end":{"line":58,"column":null}}]},"2":{"loc":{"start":{"line":60,"column":6},"end":{"line":65,"column":null}},"type":"if","locations":[{"start":{"line":60,"column":6},"end":{"line":65,"column":null}}]},"3":{"loc":{"start":{"line":102,"column":6},"end":{"line":107,"column":null}},"type":"if","locations":[{"start":{"line":102,"column":6},"end":{"line":107,"column":null}}]},"4":{"loc":{"start":{"line":108,"column":6},"end":{"line":110,"column":null}},"type":"if","locations":[{"start":{"line":108,"column":6},"end":{"line":110,"column":null}}]},"5":{"loc":{"start":{"line":111,"column":6},"end":{"line":113,"column":null}},"type":"if","locations":[{"start":{"line":111,"column":6},"end":{"line":113,"column":null}}]}},"s":{"0":1,"1":1,"2":1,"3":1,"4":1,"5":1,"6":14,"7":14,"8":3,"9":3,"10":2,"11":1,"12":1,"13":1,"14":1,"15":1,"16":4,"17":4,"18":3,"19":1,"20":2,"21":2,"22":1,"23":1,"24":1,"25":1,"26":2,"27":2,"28":1,"29":1,"30":4,"31":4,"32":3,"33":1,"34":2,"35":1,"36":2,"37":1,"38":2,"39":2,"40":1,"41":1,"42":1},"f":{"0":14,"1":3,"2":4,"3":2,"4":4},"b":{"0":[1],"1":[1],"2":[1],"3":[1],"4":[1],"5":[1]}}
}
