TN:
SF:src/jwt/jwt.service.ts
FN:8,(anonymous_4)
FN:12,(anonymous_5)
FN:16,(anonymous_6)
FNF:3
FNH:0
FNDA:0,(anonymous_4)
FNDA:0,(anonymous_5)
FNDA:0,(anonymous_6)
DA:1,1
DA:2,1
DA:4,1
DA:7,1
DA:9,0
DA:13,0
DA:17,0
LF:7
LH:4
BRF:0
BRH:0
end_of_record
TN:
SF:src/podcast/podcasts.service.ts
FN:27,(anonymous_5)
FN:39,(anonymous_6)
FN:51,(anonymous_7)
FN:67,(anonymous_8)
FN:88,(anonymous_9)
FN:101,(anonymous_10)
FN:126,(anonymous_11)
FN:144,(anonymous_12)
FN:156,(anonymous_13)
FN:172,(anonymous_14)
FN:194,(anonymous_15)
FN:213,(anonymous_16)
FNF:12
FNH:12
FNDA:34,(anonymous_5)
FNDA:3,(anonymous_6)
FNDA:2,(anonymous_7)
FNDA:28,(anonymous_8)
FNDA:3,(anonymous_9)
FNDA:4,(anonymous_10)
FNDA:15,(anonymous_11)
FNDA:12,(anonymous_12)
FNDA:8,(anonymous_13)
FNDA:3,(anonymous_14)
FNDA:4,(anonymous_15)
FNDA:4,(anonymous_16)
DA:1,1
DA:12,1
DA:13,1
DA:22,1
DA:23,1
DA:26,1
DA:29,34
DA:31,34
DA:34,34
DA:40,3
DA:41,3
DA:42,2
DA:47,1
DA:55,2
DA:56,2
DA:57,2
DA:58,1
DA:63,1
DA:68,28
DA:69,28
DA:73,27
DA:74,8
DA:79,19
DA:84,1
DA:89,3
DA:90,3
DA:91,3
DA:92,1
DA:94,2
DA:95,1
DA:97,1
DA:105,4
DA:106,4
DA:107,4
DA:108,1
DA:110,3
DA:111,3
DA:112,1
DA:118,2
DA:119,2
DA:120,1
DA:122,1
DA:127,15
DA:128,15
DA:129,15
DA:130,4
DA:132,11
DA:133,1
DA:135,10
DA:140,1
DA:148,12
DA:149,12
DA:150,12
DA:151,3
DA:153,9
DA:154,1
DA:156,8
DA:157,8
DA:158,3
DA:163,5
DA:168,1
DA:177,3
DA:178,3
DA:179,3
DA:180,1
DA:182,2
DA:183,2
DA:184,2
DA:185,1
DA:190,1
DA:198,4
DA:199,4
DA:203,4
DA:204,2
DA:206,2
DA:207,1
DA:209,1
DA:215,4
DA:216,4
DA:218,4
DA:219,4
DA:223,4
DA:224,2
DA:226,2
DA:227,2
DA:228,1
DA:230,1
DA:231,1
LF:88
LH:88
BRDA:73,0,0,8
BRDA:91,1,0,1
BRDA:107,2,0,1
BRDA:110,3,0,3
BRDA:111,4,0,1
BRDA:111,5,0,3
BRDA:111,5,1,2
BRDA:129,6,0,4
BRDA:132,7,0,1
BRDA:150,8,0,3
BRDA:153,9,0,1
BRDA:153,10,0,9
BRDA:153,10,1,9
BRDA:157,11,0,3
BRDA:179,12,0,1
BRDA:203,13,0,2
BRDA:223,14,0,2
BRF:17
BRH:17
end_of_record
TN:
SF:src/users/users.service.ts
FN:16,(anonymous_4)
FN:22,(anonymous_5)
FN:50,(anonymous_6)
FN:81,(anonymous_7)
FN:96,(anonymous_8)
FNF:5
FNH:5
FNDA:14,(anonymous_4)
FNDA:3,(anonymous_5)
FNDA:4,(anonymous_6)
FNDA:2,(anonymous_7)
FNDA:4,(anonymous_8)
DA:1,1
DA:2,1
DA:8,1
DA:9,1
DA:10,1
DA:15,1
DA:18,14
DA:19,14
DA:27,3
DA:28,3
DA:29,2
DA:30,1
DA:32,1
DA:37,1
DA:39,1
DA:44,1
DA:51,4
DA:52,4
DA:56,3
DA:57,1
DA:59,2
DA:60,2
DA:61,1
DA:67,1
DA:69,1
DA:74,1
DA:82,2
DA:83,2
DA:84,1
DA:89,1
DA:100,4
DA:101,4
DA:102,3
DA:103,1
DA:108,2
DA:109,1
DA:111,2
DA:112,1
DA:114,2
DA:115,2
DA:119,1
LF:41
LH:41
BRDA:29,0,0,1
BRDA:56,1,0,1
BRDA:60,2,0,1
BRDA:102,3,0,1
BRDA:108,4,0,1
BRDA:111,5,0,1
BRF:6
BRH:6
end_of_record
